Using pre-set license
Built from '2020.3/staging' branch; Version is '2020.3.10f1 (297d780c91bc) revision 2719096'; Using compiler version '192528614'; Build Type 'Release'
OS: 'Windows 10 Pro; OS build 19042.1083; Version 2009; 64bit' Language: 'es' Physical Memory: 16314 MB
BatchMode: 1, IsHumanControllingUs: 0, StartBugReporterOnCrash: 0, Is64bit: 1, IsPro: 0

 COMMAND LINE ARGUMENTS:
C:\Program Files\Unity\Hub\Editor\2020.3.10f1\Editor\Unity.exe
-adb2
-batchMode
-noUpm
-name
AssetImportWorker0
-projectPath
C:/Users/victo/Desktop/tanques/tanques
-logFile
Logs/AssetImportWorker0.log
-srvPort
59776
Successfully changed project path to: C:/Users/victo/Desktop/tanques/tanques
C:/Users/victo/Desktop/tanques/tanques
Using Asset Import Pipeline V2.
Refreshing native plugins compatible for Editor in 116.31 ms, found 2 plugins.
Preloading 0 native plugins for Editor in 0.00 ms.
Initialize engine version: 2020.3.10f1 (297d780c91bc)
[Subsystems] Discovering subsystems at path C:/Program Files/Unity/Hub/Editor/2020.3.10f1/Editor/Data/Resources/UnitySubsystems
[Subsystems] Discovering subsystems at path C:/Users/victo/Desktop/tanques/tanques/Assets
GfxDevice: creating device client; threaded=0
Direct3D:
    Version:  Direct3D 11.0 [level 11.1]
    Renderer: Intel(R) HD Graphics Family (ID=0xa16)
    Vendor:   
    VRAM:     2048 MB
    Driver:   20.19.15.5166
Initialize mono
Mono path[0] = 'C:/Program Files/Unity/Hub/Editor/2020.3.10f1/Editor/Data/Managed'
Mono path[1] = 'C:/Program Files/Unity/Hub/Editor/2020.3.10f1/Editor/Data/MonoBleedingEdge/lib/mono/unityjit'
Mono config path = 'C:/Program Files/Unity/Hub/Editor/2020.3.10f1/Editor/Data/MonoBleedingEdge/etc'
Using monoOptions --debugger-agent=transport=dt_socket,embedding=1,server=y,suspend=n,address=127.0.0.1:56004
Begin MonoManager ReloadAssembly
Registering precompiled unity dll's ...
Register platform support module: C:/Program Files/Unity/Hub/Editor/2020.3.10f1/Editor/Data/PlaybackEngines/WebGLSupport/UnityEditor.WebGL.Extensions.dll
Register platform support module: C:/Program Files/Unity/Hub/Editor/2020.3.10f1/Editor/Data/PlaybackEngines/WindowsStandaloneSupport/UnityEditor.WindowsStandalone.Extensions.dll
Registered in 0.004909 seconds.
Native extension for WindowsStandalone target not found
Native extension for WebGL target not found
Refreshing native plugins compatible for Editor in 90.43 ms, found 2 plugins.
Preloading 0 native plugins for Editor in 0.00 ms.
Mono: successfully reloaded assembly
- Completed reload, in  2.545 seconds
Platform modules already initialized, skipping
Registering precompiled user dll's ...
Registered in 0.012600 seconds.
Begin MonoManager ReloadAssembly
Native extension for WindowsStandalone target not found
Native extension for WebGL target not found
Refreshing native plugins compatible for Editor in 0.91 ms, found 2 plugins.
Preloading 0 native plugins for Editor in 0.00 ms.
Mono: successfully reloaded assembly
- Completed reload, in  2.267 seconds
Platform modules already initialized, skipping
========================================================================
Worker process is ready to serve import requests
Launched and connected shader compiler UnityShaderCompiler.exe after 0.09 seconds
Refreshing native plugins compatible for Editor in 1.82 ms, found 2 plugins.
Preloading 0 native plugins for Editor in 0.00 ms.
Unloading 1769 Unused Serialized files (Serialized files now loaded: 0)
System memory in use before: 81.7 MB.
System memory in use after: 81.7 MB.

Unloading 44 unused Assets to reduce memory usage. Loaded Objects now: 2190.
Total: 3.944500 ms (FindLiveObjects: 0.290500 ms CreateObjectMapping: 0.137400 ms MarkObjects: 3.356100 ms  DeleteObjects: 0.158000 ms)

========================================================================
Received Import Request.
  path: Assets/AudioMixers/MainMix.mixer
  artifactKey: Guid(ad081621b56dea746b6e5419c5f12318) Importer(815301076,1909f56bfc062723c751e8b465ee728b)
Start importing Assets/AudioMixers/MainMix.mixer using Guid(ad081621b56dea746b6e5419c5f12318) Importer(815301076,1909f56bfc062723c751e8b465ee728b)  -> (artifact id: 'e2b1430db49abb12ec90c6dde263c3cc') in 0.087116 seconds
  Import took 0.093993 seconds .

========================================================================
Received Import Request.
  Time since last request: 0.000429 seconds.
  path: Assets/_Completed-Assets/AudioMixers/CompleteMainMix.mixer
  artifactKey: Guid(86a7353f2579d476fbaa7f161c2e5d00) Importer(815301076,1909f56bfc062723c751e8b465ee728b)
Start importing Assets/_Completed-Assets/AudioMixers/CompleteMainMix.mixer using Guid(86a7353f2579d476fbaa7f161c2e5d00) Importer(815301076,1909f56bfc062723c751e8b465ee728b)  -> (artifact id: 'fa78627d8d13049d95aa3251a1d16504') in 0.022384 seconds
  Import took 0.030969 seconds .

========================================================================
Received Prepare
Registering precompiled user dll's ...
Registered in 0.012092 seconds.
Begin MonoManager ReloadAssembly
Native extension for WindowsStandalone target not found
Native extension for WebGL target not found
Refreshing native plugins compatible for Editor in 1.46 ms, found 2 plugins.
Preloading 0 native plugins for Editor in 0.00 ms.
Mono: successfully reloaded assembly
- Completed reload, in  5.538 seconds
Platform modules already initialized, skipping
Refreshing native plugins compatible for Editor in 1.98 ms, found 2 plugins.
Preloading 0 native plugins for Editor in 0.00 ms.
Unloading 1736 Unused Serialized files (Serialized files now loaded: 0)
System memory in use before: 78.8 MB.
System memory in use after: 78.9 MB.

Unloading 35 unused Assets to reduce memory usage. Loaded Objects now: 2193.
Total: 5.967900 ms (FindLiveObjects: 0.652700 ms CreateObjectMapping: 0.301200 ms MarkObjects: 4.838700 ms  DeleteObjects: 0.171100 ms)

========================================================================
Received Prepare
Refreshing native plugins compatible for Editor in 25.30 ms, found 2 plugins.
Preloading 0 native plugins for Editor in 0.00 ms.
Unloading 33 Unused Serialized files (Serialized files now loaded: 0)
System memory in use before: 45.3 MB.
System memory in use after: 45.4 MB.

Unloading 33 unused Assets to reduce memory usage. Loaded Objects now: 2193.
Total: 5.589700 ms (FindLiveObjects: 0.594400 ms CreateObjectMapping: 0.348800 ms MarkObjects: 4.533800 ms  DeleteObjects: 0.110000 ms)

========================================================================
Received Prepare
Refreshing native plugins compatible for Editor in 37.18 ms, found 2 plugins.
Preloading 0 native plugins for Editor in 0.00 ms.
Unloading 33 Unused Serialized files (Serialized files now loaded: 0)
System memory in use before: 45.3 MB.
System memory in use after: 45.4 MB.

Unloading 33 unused Assets to reduce memory usage. Loaded Objects now: 2193.
Total: 7.386400 ms (FindLiveObjects: 0.471100 ms CreateObjectMapping: 0.215000 ms MarkObjects: 6.535100 ms  DeleteObjects: 0.161900 ms)

========================================================================
Received Prepare
Refreshing native plugins compatible for Editor in 24.14 ms, found 2 plugins.
Preloading 0 native plugins for Editor in 0.00 ms.
Unloading 33 Unused Serialized files (Serialized files now loaded: 0)
System memory in use before: 45.3 MB.
System memory in use after: 45.4 MB.

Unloading 33 unused Assets to reduce memory usage. Loaded Objects now: 2193.
Total: 4.769100 ms (FindLiveObjects: 0.283800 ms CreateObjectMapping: 0.128200 ms MarkObjects: 4.240100 ms  DeleteObjects: 0.114500 ms)

========================================================================
Received Prepare
Registering precompiled user dll's ...
Registered in 0.012529 seconds.
Begin MonoManager ReloadAssembly
Native extension for WindowsStandalone target not found
Native extension for WebGL target not found
Refreshing native plugins compatible for Editor in 1.36 ms, found 2 plugins.
Preloading 0 native plugins for Editor in 0.00 ms.
Mono: successfully reloaded assembly
- Completed reload, in  2.990 seconds
Platform modules already initialized, skipping
Refreshing native plugins compatible for Editor in 1.27 ms, found 2 plugins.
Preloading 0 native plugins for Editor in 0.00 ms.
Unloading 1736 Unused Serialized files (Serialized files now loaded: 0)
System memory in use before: 78.2 MB.
System memory in use after: 78.3 MB.

Unloading 35 unused Assets to reduce memory usage. Loaded Objects now: 2196.
Total: 6.929900 ms (FindLiveObjects: 0.451800 ms CreateObjectMapping: 0.200400 ms MarkObjects: 6.128100 ms  DeleteObjects: 0.145600 ms)

========================================================================
Received Prepare
Refreshing native plugins compatible for Editor in 37.58 ms, found 2 plugins.
Preloading 0 native plugins for Editor in 0.00 ms.
Unloading 33 Unused Serialized files (Serialized files now loaded: 0)
System memory in use before: 44.7 MB.
System memory in use after: 44.8 MB.

Unloading 33 unused Assets to reduce memory usage. Loaded Objects now: 2196.
Total: 12.791200 ms (FindLiveObjects: 0.359100 ms CreateObjectMapping: 0.181400 ms MarkObjects: 12.100300 ms  DeleteObjects: 0.147800 ms)

========================================================================
Received Prepare
Refreshing native plugins compatible for Editor in 34.95 ms, found 2 plugins.
Preloading 0 native plugins for Editor in 0.00 ms.
Unloading 33 Unused Serialized files (Serialized files now loaded: 0)
System memory in use before: 44.7 MB.
System memory in use after: 44.8 MB.

Unloading 33 unused Assets to reduce memory usage. Loaded Objects now: 2196.
Total: 6.139300 ms (FindLiveObjects: 0.415600 ms CreateObjectMapping: 0.177200 ms MarkObjects: 5.402400 ms  DeleteObjects: 0.140400 ms)

========================================================================
Received Prepare
Refreshing native plugins compatible for Editor in 24.37 ms, found 2 plugins.
Preloading 0 native plugins for Editor in 0.00 ms.
Unloading 33 Unused Serialized files (Serialized files now loaded: 0)
System memory in use before: 44.7 MB.
System memory in use after: 44.8 MB.

Unloading 33 unused Assets to reduce memory usage. Loaded Objects now: 2196.
Total: 6.514500 ms (FindLiveObjects: 0.496700 ms CreateObjectMapping: 0.267100 ms MarkObjects: 5.562300 ms  DeleteObjects: 0.186200 ms)

========================================================================
Received Import Request.
  Time since last request: 1220.529151 seconds.
  path: Assets/Prefabs/Tank.prefab
  artifactKey: Guid(786926e6a050476499f4c0fd017a5ecf) Importer(815301076,1909f56bfc062723c751e8b465ee728b)
Start importing Assets/Prefabs/Tank.prefab using Guid(786926e6a050476499f4c0fd017a5ecf) Importer(815301076,1909f56bfc062723c751e8b465ee728b)  -> (artifact id: '03ec53962207485325a03db02a45d043') in 0.366483 seconds
  Import took 0.379929 seconds .

========================================================================
Received Import Request.
  Time since last request: 8.920255 seconds.
  path: Assets/Prefabs/Tank.prefab
  artifactKey: Guid(786926e6a050476499f4c0fd017a5ecf) Importer(815301076,1909f56bfc062723c751e8b465ee728b)
Start importing Assets/Prefabs/Tank.prefab using Guid(786926e6a050476499f4c0fd017a5ecf) Importer(815301076,1909f56bfc062723c751e8b465ee728b)  -> (artifact id: 'ec4980b9c1db661f2318f118e7afcf04') in 0.121930 seconds
  Import took 0.135682 seconds .

========================================================================
Received Prepare
Registering precompiled user dll's ...
Registered in 0.012307 seconds.
Begin MonoManager ReloadAssembly
Native extension for WindowsStandalone target not found
Native extension for WebGL target not found
Refreshing native plugins compatible for Editor in 0.97 ms, found 2 plugins.
Preloading 0 native plugins for Editor in 0.00 ms.
Mono: successfully reloaded assembly
- Completed reload, in 10.578 seconds
Platform modules already initialized, skipping
Refreshing native plugins compatible for Editor in 1.81 ms, found 2 plugins.
Preloading 0 native plugins for Editor in 0.00 ms.
Unloading 1736 Unused Serialized files (Serialized files now loaded: 0)
System memory in use before: 82.2 MB.
System memory in use after: 82.3 MB.

Unloading 35 unused Assets to reduce memory usage. Loaded Objects now: 2207.
Total: 7.407600 ms (FindLiveObjects: 0.513900 ms CreateObjectMapping: 1.151600 ms MarkObjects: 5.586300 ms  DeleteObjects: 0.151900 ms)

========================================================================
Received Prepare
Refreshing native plugins compatible for Editor in 67.98 ms, found 2 plugins.
Preloading 0 native plugins for Editor in 0.00 ms.
Unloading 33 Unused Serialized files (Serialized files now loaded: 0)
System memory in use before: 48.7 MB.
System memory in use after: 48.8 MB.

Unloading 33 unused Assets to reduce memory usage. Loaded Objects now: 2207.
Total: 6.799400 ms (FindLiveObjects: 0.588000 ms CreateObjectMapping: 0.294500 ms MarkObjects: 5.767100 ms  DeleteObjects: 0.146100 ms)

========================================================================
Received Prepare
Refreshing native plugins compatible for Editor in 70.51 ms, found 2 plugins.
Preloading 0 native plugins for Editor in 0.00 ms.
Unloading 33 Unused Serialized files (Serialized files now loaded: 0)
System memory in use before: 48.7 MB.
System memory in use after: 48.8 MB.

Unloading 33 unused Assets to reduce memory usage. Loaded Objects now: 2207.
Total: 7.243900 ms (FindLiveObjects: 0.496500 ms CreateObjectMapping: 0.195900 ms MarkObjects: 6.377600 ms  DeleteObjects: 0.170200 ms)

========================================================================
Received Prepare
Registering precompiled user dll's ...
Registered in 0.011247 seconds.
Begin MonoManager ReloadAssembly
Native extension for WindowsStandalone target not found
Native extension for WebGL target not found
Refreshing native plugins compatible for Editor in 0.96 ms, found 2 plugins.
Preloading 0 native plugins for Editor in 0.00 ms.
Mono: successfully reloaded assembly
- Completed reload, in  9.412 seconds
Platform modules already initialized, skipping
Refreshing native plugins compatible for Editor in 2.20 ms, found 2 plugins.
Preloading 0 native plugins for Editor in 0.00 ms.
Unloading 1736 Unused Serialized files (Serialized files now loaded: 0)
System memory in use before: 82.1 MB.
System memory in use after: 82.2 MB.

Unloading 35 unused Assets to reduce memory usage. Loaded Objects now: 2210.
Total: 14.358800 ms (FindLiveObjects: 2.909100 ms CreateObjectMapping: 1.651400 ms MarkObjects: 9.635400 ms  DeleteObjects: 0.157700 ms)

========================================================================
Received Prepare
Refreshing native plugins compatible for Editor in 56.04 ms, found 2 plugins.
Preloading 0 native plugins for Editor in 0.00 ms.
Unloading 33 Unused Serialized files (Serialized files now loaded: 0)
System memory in use before: 48.6 MB.
System memory in use after: 48.7 MB.

Unloading 33 unused Assets to reduce memory usage. Loaded Objects now: 2210.
Total: 6.137400 ms (FindLiveObjects: 0.532000 ms CreateObjectMapping: 0.274800 ms MarkObjects: 5.153500 ms  DeleteObjects: 0.173800 ms)

========================================================================
Received Prepare
Refreshing native plugins compatible for Editor in 21.98 ms, found 2 plugins.
Preloading 0 native plugins for Editor in 0.00 ms.
Unloading 33 Unused Serialized files (Serialized files now loaded: 0)
System memory in use before: 48.6 MB.
System memory in use after: 48.7 MB.

Unloading 33 unused Assets to reduce memory usage. Loaded Objects now: 2210.
Total: 5.047200 ms (FindLiveObjects: 0.327100 ms CreateObjectMapping: 0.224900 ms MarkObjects: 4.376300 ms  DeleteObjects: 0.115600 ms)

========================================================================
Received Import Request.
  Time since last request: 2090.004407 seconds.
  path: Assets/Fonts/Bowlby_One/BowlbyOne-Regular.ttf
  artifactKey: Guid(3d7fe0a26ba72d949874021dc3d6995e) Importer(815301076,1909f56bfc062723c751e8b465ee728b)
Start importing Assets/Fonts/Bowlby_One/BowlbyOne-Regular.ttf using Guid(3d7fe0a26ba72d949874021dc3d6995e) Importer(815301076,1909f56bfc062723c751e8b465ee728b)  -> (artifact id: '02f1650b769c722f138384d6318bfdc4') in 0.254484 seconds
  Import took 0.262448 seconds .

========================================================================
Received Import Request.
  Time since last request: 0.003123 seconds.
  path: Assets/Fonts/Bowlby_One/BowlbyOne-Regular.ttf
  artifactKey: Guid(3d7fe0a26ba72d949874021dc3d6995e) Importer(815301076,1909f56bfc062723c751e8b465ee728b)
Start importing Assets/Fonts/Bowlby_One/BowlbyOne-Regular.ttf using Guid(3d7fe0a26ba72d949874021dc3d6995e) Importer(815301076,1909f56bfc062723c751e8b465ee728b)  -> (artifact id: '02f1650b769c722f138384d6318bfdc4') in 0.092792 seconds
  Import took 0.102979 seconds .

========================================================================
Received Prepare
Registering precompiled user dll's ...
Registered in 0.011732 seconds.
Begin MonoManager ReloadAssembly
Native extension for WindowsStandalone target not found
Native extension for WebGL target not found
Refreshing native plugins compatible for Editor in 0.95 ms, found 2 plugins.
Preloading 0 native plugins for Editor in 0.00 ms.
Mono: successfully reloaded assembly
- Completed reload, in  2.296 seconds
Platform modules already initialized, skipping
Refreshing native plugins compatible for Editor in 2.08 ms, found 2 plugins.
Preloading 0 native plugins for Editor in 0.00 ms.
Unloading 1736 Unused Serialized files (Serialized files now loaded: 0)
System memory in use before: 82.5 MB.
System memory in use after: 82.6 MB.

Unloading 35 unused Assets to reduce memory usage. Loaded Objects now: 2251.
Total: 3.435000 ms (FindLiveObjects: 0.278100 ms CreateObjectMapping: 0.129500 ms MarkObjects: 2.910500 ms  DeleteObjects: 0.115200 ms)

========================================================================
Received Prepare
Refreshing native plugins compatible for Editor in 34.33 ms, found 2 plugins.
Preloading 0 native plugins for Editor in 0.00 ms.
Unloading 33 Unused Serialized files (Serialized files now loaded: 0)
System memory in use before: 48.9 MB.
System memory in use after: 49.0 MB.

Unloading 33 unused Assets to reduce memory usage. Loaded Objects now: 2251.
Total: 5.919000 ms (FindLiveObjects: 0.351800 ms CreateObjectMapping: 0.219600 ms MarkObjects: 5.239200 ms  DeleteObjects: 0.106100 ms)

AssetImportWorkerClient::OnTransportError - code=2 error=End of file
